<?xml version="1.0" encoding="UTF-8"?>
<testng-results skipped="0" failed="0" ignored="0" total="1" passed="1">
  <reporter-output>
  </reporter-output>
  <suite name="Suite" duration-ms="26" started-at="2018-08-05T14:27:59Z" finished-at="2018-08-05T14:27:59Z">
    <groups>
    </groups>
    <test name="Test" duration-ms="26" started-at="2018-08-05T14:27:59Z" finished-at="2018-08-05T14:27:59Z">
      <class name="JenkinsDemo.demojenkinsJob">
        <test-method status="PASS" signature="testjenkins()[pri:0, instance:JenkinsDemo.demojenkinsJob@4520ebad]" name="testjenkins" duration-ms="8" started-at="2018-08-05T14:27:59Z" finished-at="2018-08-05T14:27:59Z">
          <reporter-output>
          </reporter-output>
        </test-method> <!-- testjenkins -->
      </class> <!-- JenkinsDemo.demojenkinsJob -->
    </test> <!-- Test -->
  </suite> <!-- Suite -->
</testng-results>
